# JRE version: Java(TM) SE Runtime Environment (17.0.2+8) (build 17.0.2+8-LTS-86)
# Java VM: Java HotSpot(TM) 64-Bit Server VM (17.0.2+8-LTS-86, mixed mode, sharing, tiered, compressed oops, compressed class ptrs, g1 gc, windows-amd64)
GC Precious Log:
 CPUs: 8 total, 8 available
 Memory: 7959M
 Large Page Support: Disabled
 NUMA Support: Disabled
 Compressed Oops: Enabled (32-bit)
 Heap Region Size: 1M
 Heap Min Capacity: 8M
 Heap Initial Capacity: 126M
 Heap Max Capacity: 1990M
 Pre-touch: Disabled
 Parallel Workers: 8
 Concurrent Workers: 2
 Concurrent Refinement Workers: 8
 Periodic GC: Disabled
Heap:
 garbage-first heap   total 399360K, used 116761K [0x0000000083a00000, 0x0000000100000000)
  region size 1024K, 2 young (2048K), 2 survivors (2048K)
 Metaspace       used 104222K, committed 105152K, reserved 1146880K
  class space    used 13507K, committed 13952K, reserved 1048576K
GC Heap History (20 events):
Event: 10414.893 GC heap after
{Heap after GC invocations=83 (full 0):
 garbage-first heap   total 386048K, used 104964K [0x0000000083a00000, 0x0000000100000000)
  region size 1024K, 3 young (3072K), 3 survivors (3072K)
 Metaspace       used 103965K, committed 105088K, reserved 1146880K
  class space    used 13507K, committed 13952K, reserved 1048576K
}
Event: 10414.893 GC heap before
{Heap before GC invocations=83 (full 0):
 garbage-first heap   total 386048K, used 104964K [0x0000000083a00000, 0x0000000100000000)
  region size 1024K, 4 young (4096K), 3 survivors (3072K)
 Metaspace       used 103965K, committed 105088K, reserved 1146880K
  class space    used 13507K, committed 13952K, reserved 1048576K
}
Event: 10414.908 GC heap after
{Heap after GC invocations=84 (full 0):
 garbage-first heap   total 892928K, used 104878K [0x0000000083a00000, 0x0000000100000000)
  region size 1024K, 3 young (3072K), 3 survivors (3072K)
 Metaspace       used 103965K, committed 105088K, reserved 1146880K
  class space    used 13507K, committed 13952K, reserved 1048576K
}
Event: 10416.279 GC heap before
{Heap before GC invocations=85 (full 0):
 garbage-first heap   total 437248K, used 338350K [0x0000000083a00000, 0x0000000100000000)
  region size 1024K, 129 young (132096K), 3 survivors (3072K)
 Metaspace       used 103967K, committed 105088K, reserved 1146880K
  class space    used 13507K, committed 13952K, reserved 1048576K
}
Event: 10416.298 GC heap after
{Heap after GC invocations=86 (full 0):
 garbage-first heap   total 437248K, used 134084K [0x0000000083a00000, 0x0000000100000000)
  region size 1024K, 17 young (17408K), 17 survivors (17408K)
 Metaspace       used 103967K, committed 105088K, reserved 1146880K
  class space    used 13507K, committed 13952K, reserved 1048576K
}
Event: 10416.381 GC heap before
{Heap before GC invocations=86 (full 0):
 garbage-first heap   total 437248K, used 137156K [0x0000000083a00000, 0x0000000100000000)
  region size 1024K, 21 young (21504K), 17 survivors (17408K)
 Metaspace       used 103977K, committed 105088K, reserved 1146880K
  class space    used 13507K, committed 13952K, reserved 1048576K
}
Event: 10416.409 GC heap after
{Heap after GC invocations=87 (full 0):
 garbage-first heap   total 437248K, used 129936K [0x0000000083a00000, 0x0000000100000000)
  region size 1024K, 1 young (1024K), 1 survivors (1024K)
 Metaspace       used 103977K, committed 105088K, reserved 1146880K
  class space    used 13507K, committed 13952K, reserved 1048576K
}
Event: 10416.866 GC heap before
{Heap before GC invocations=87 (full 0):
 garbage-first heap   total 437248K, used 169872K [0x0000000083a00000, 0x0000000100000000)
  region size 1024K, 42 young (43008K), 1 survivors (1024K)
 Metaspace       used 104101K, committed 105088K, reserved 1146880K
  class space    used 13507K, committed 13952K, reserved 1048576K
}
Event: 10416.869 GC heap after
{Heap after GC invocations=88 (full 0):
 garbage-first heap   total 437248K, used 130375K [0x0000000083a00000, 0x0000000100000000)
  region size 1024K, 1 young (1024K), 1 survivors (1024K)
 Metaspace       used 104101K, committed 105088K, reserved 1146880K
  class space    used 13507K, committed 13952K, reserved 1048576K
}
Event: 12172.368 GC heap before
{Heap before GC invocations=89 (full 0):
 garbage-first heap   total 307200K, used 269639K [0x0000000083a00000, 0x0000000100000000)
  region size 1024K, 129 young (132096K), 1 survivors (1024K)
 Metaspace       used 104204K, committed 105152K, reserved 1146880K
  class space    used 13507K, committed 13952K, reserved 1048576K
}
Event: 12172.641 GC heap after
{Heap after GC invocations=90 (full 0):
 garbage-first heap   total 307200K, used 88675K [0x0000000083a00000, 0x0000000100000000)
  region size 1024K, 7 young (7168K), 7 survivors (7168K)
 Metaspace       used 104204K, committed 105152K, reserved 1146880K
  class space    used 13507K, committed 13952K, reserved 1048576K
}
Event: 12173.015 GC heap before
{Heap before GC invocations=90 (full 0):
 garbage-first heap   total 307200K, used 95843K [0x0000000083a00000, 0x0000000100000000)
  region size 1024K, 15 young (15360K), 7 survivors (7168K)
 Metaspace       used 104204K, committed 105152K, reserved 1146880K
  class space    used 13507K, committed 13952K, reserved 1048576K
}
Event: 12173.084 GC heap after
{Heap after GC invocations=91 (full 0):
 garbage-first heap   total 307200K, used 66235K [0x0000000083a00000, 0x0000000100000000)
  region size 1024K, 2 young (2048K), 2 survivors (2048K)
 Metaspace       used 104204K, committed 105152K, reserved 1146880K
  class space    used 13507K, committed 13952K, reserved 1048576K
}
Event: 12190.997 GC heap before
{Heap before GC invocations=91 (full 0):
 garbage-first heap   total 307200K, used 99003K [0x0000000083a00000, 0x0000000100000000)
  region size 1024K, 36 young (36864K), 2 survivors (2048K)
 Metaspace       used 104222K, committed 105152K, reserved 1146880K
  class space    used 13507K, committed 13952K, reserved 1048576K
}
Event: 12191.019 GC heap after
{Heap after GC invocations=92 (full 0):
 garbage-first heap   total 307200K, used 71548K [0x0000000083a00000, 0x0000000100000000)
  region size 1024K, 8 young (8192K), 8 survivors (8192K)
 Metaspace       used 104222K, committed 105152K, reserved 1146880K
  class space    used 13507K, committed 13952K, reserved 1048576K
}
Event: 12192.259 GC heap before
{Heap before GC invocations=93 (full 0):
 garbage-first heap   total 307200K, used 245953K [0x0000000083a00000, 0x0000000100000000)
  region size 1024K, 134 young (137216K), 8 survivors (8192K)
 Metaspace       used 104222K, committed 105152K, reserved 1146880K
  class space    used 13507K, committed 13952K, reserved 1048576K
}
Event: 12192.316 GC heap after
{Heap after GC invocations=94 (full 0):
 garbage-first heap   total 307200K, used 120176K [0x0000000083a00000, 0x0000000100000000)
  region size 1024K, 17 young (17408K), 17 survivors (17408K)
 Metaspace       used 104222K, committed 105152K, reserved 1146880K
  class space    used 13507K, committed 13952K, reserved 1048576K
}
Event: 12192.317 GC heap before
{Heap before GC invocations=94 (full 0):
 garbage-first heap   total 307200K, used 120176K [0x0000000083a00000, 0x0000000100000000)
  region size 1024K, 18 young (18432K), 17 survivors (17408K)
 Metaspace       used 104222K, committed 105152K, reserved 1146880K
  class space    used 13507K, committed 13952K, reserved 1048576K
}
Event: 12192.341 GC heap after
{Heap after GC invocations=95 (full 0):
 garbage-first heap   total 307200K, used 116096K [0x0000000083a00000, 0x0000000100000000)
  region size 1024K, 1 young (1024K), 1 survivors (1024K)
 Metaspace       used 104222K, committed 105152K, reserved 1146880K
  class space    used 13507K, committed 13952K, reserved 1048576K
}
Event: 12192.341 GC heap before
{Heap before GC invocations=95 (full 0):
 garbage-first heap   total 307200K, used 116096K [0x0000000083a00000, 0x0000000100000000)
  region size 1024K, 2 young (2048K), 1 survivors (1024K)
 Metaspace       used 104222K, committed 105152K, reserved 1146880K
  class space    used 13507K, committed 13952K, reserved 1048576K
}

